<?xml version="1.0" encoding="UTF-8"?>
<!-- Generated by org.testng.reporters.JUnitXMLReporter -->
<testsuite ignored="0" hostname="WKWEJ488501635" failures="0" tests="4" name="Default test" time="8.073" errors="0" timestamp="2024-11-27T18:24:29 IST">
  <testcase classname="api.testcases.UserTest" name="Test_CreateUser" time="2.494"/>
  <testcase classname="api.testcases.UserTest" name="Test_getUser" time="1.163"/>
  <testcase classname="api.testcases.UserTest" name="Test_updateUser" time="2.126"/>
  <testcase classname="api.testcases.UserTest" name="Test_deleteUser" time="2.104"/>
</testsuite> <!-- Default test -->
