<?xml version="1.0" encoding="UTF-8"?>
<testng-results ignored="0" total="4" passed="4" failed="0" skipped="0">
  <reporter-output>
  </reporter-output>
  <suite started-at="2024-11-27T18:24:21 IST" name="Default suite" finished-at="2024-11-27T18:24:29 IST" duration-ms="8073">
    <groups>
    </groups>
    <test started-at="2024-11-27T18:24:21 IST" name="Default test" finished-at="2024-11-27T18:24:29 IST" duration-ms="8073">
      <class name="api.testcases.UserTest">
        <test-method is-config="true" signature="generateTestData()[pri:0, instance:api.testcases.UserTest@6771beb3]" started-at="2024-11-27T18:24:21 IST" name="generateTestData" finished-at="2024-11-27T18:24:21 IST" duration-ms="152" status="PASS">
          <reporter-output>
          </reporter-output>
        </test-method> <!-- generateTestData -->
        <test-method signature="Test_CreateUser()[pri:1, instance:api.testcases.UserTest@6771beb3]" started-at="2024-11-27T18:24:21 IST" name="Test_CreateUser" finished-at="2024-11-27T18:24:23 IST" duration-ms="2494" status="PASS">
          <reporter-output>
          </reporter-output>
        </test-method> <!-- Test_CreateUser -->
        <test-method signature="Test_getUser()[pri:2, instance:api.testcases.UserTest@6771beb3]" started-at="2024-11-27T18:24:23 IST" name="Test_getUser" finished-at="2024-11-27T18:24:25 IST" duration-ms="1163" status="PASS">
          <reporter-output>
          </reporter-output>
        </test-method> <!-- Test_getUser -->
        <test-method signature="Test_updateUser()[pri:3, instance:api.testcases.UserTest@6771beb3]" started-at="2024-11-27T18:24:25 IST" name="Test_updateUser" finished-at="2024-11-27T18:24:27 IST" duration-ms="2126" status="PASS">
          <reporter-output>
          </reporter-output>
        </test-method> <!-- Test_updateUser -->
        <test-method signature="Test_deleteUser()[pri:4, instance:api.testcases.UserTest@6771beb3]" started-at="2024-11-27T18:24:27 IST" name="Test_deleteUser" finished-at="2024-11-27T18:24:29 IST" duration-ms="2104" status="PASS">
          <reporter-output>
          </reporter-output>
        </test-method> <!-- Test_deleteUser -->
      </class> <!-- api.testcases.UserTest -->
    </test> <!-- Default test -->
  </suite> <!-- Default suite -->
</testng-results>
